## SLURM PROLOG ###############################################################
##    Job ID : 11854704
##  Job Name : cuda.sh
##  Nodelist : gpu2006
##      CPUs : 1
##   Mem/CPU : 2800 MB
## Directory : /oscar/home/sanand14/APMA2822B/DOT_PROD
##   Job Started : Fri Oct 27 16:51:49 EDT 2023
###############################################################################
smem = 32.000000
smem = 32.000000
smem = 32.000000
smem = 32.000000
smem = 32.000000
smem = 32.000000
smem = 32.000000
smem = 32.000000
nwarps = 8
value = 0.000000, smem = 32.000000
value = 32.000000, smem = 32.000000
value = 64.000000, smem = 32.000000
value = 96.000000, smem = 32.000000
value = 128.000000, smem = 32.000000
value = 160.000000, smem = 32.000000
value = 192.000000, smem = 32.000000
value = 224.000000, smem = 32.000000
value = 256.000000
