## SLURM PROLOG ###############################################################
##    Job ID : 11743639
##  Job Name : cuda.sh
##  Nodelist : gpu2005
##      CPUs : 1
##   Mem/CPU : 2800 MB
## Directory : /oscar/home/sanand14/APMA2822B/GPU
##   Job Started : Fri Oct 20 16:42:08 EDT 2023
###############################################################################
Fri Oct 20 16:42:08 2023       
+---------------------------------------------------------------------------------------+
| NVIDIA-SMI 535.54.03              Driver Version: 535.54.03    CUDA Version: 12.2     |
|-----------------------------------------+----------------------+----------------------+
| GPU  Name                 Persistence-M | Bus-Id        Disp.A | Volatile Uncorr. ECC |
| Fan  Temp   Perf          Pwr:Usage/Cap |         Memory-Usage | GPU-Util  Compute M. |
|                                         |                      |               MIG M. |
|=========================================+======================+======================|
|   0  Quadro RTX 6000                Off | 00000000:64:00.0 Off |                  Off |
| 33%   27C    P8              11W / 260W |     10MiB / 24576MiB |      0%      Default |
|                                         |                      |                  N/A |
+-----------------------------------------+----------------------+----------------------+
                                                                                         
+---------------------------------------------------------------------------------------+
| Processes:                                                                            |
|  GPU   GI   CI        PID   Type   Process name                            GPU Memory |
|        ID   ID                                                             Usage      |
|=======================================================================================|
|    0   N/A  N/A     15129      G   X                                             8MiB |
+---------------------------------------------------------------------------------------+
ncuda_devices = 1
y_h[0] = 3.5
y_h[1] = 3.5
y_h[2] = 3.5
y_h[3] = 3.5
y_h[4] = 3.5
