module: unloading 'cuda/7.5.18'
module: loading 'cuda/12.2.2'
module: cuda: To use: module load gcc/10.2
module: loading 'gcc/10.2'
module: gcc: "Note: loading the gcc module overrides the gcc version on the system.  If you want to revert to the version of gcc provided by the OS, unload the gcc module."
==16517== NVPROF is profiling process 16517, command: ./a.out
==16517== Profiling application: ./a.out
==16517== Profiling result:
            Type  Time(%)      Time     Calls       Avg       Min       Max  Name
 GPU activities:   41.92%  3.0720us         1  3.0720us  3.0720us  3.0720us  [CUDA memcpy DtoH]
                   30.13%  2.2080us         2  1.1040us     832ns  1.3760us  [CUDA memcpy HtoD]
                   27.95%  2.0480us         1  2.0480us  2.0480us  2.0480us  my_daxpy_kernel(double*, double*, double, unsigned long)
      API calls:   68.29%  142.91ms         1  142.91ms  142.91ms  142.91ms  cudaSetDevice
                   31.08%  65.047ms         1  65.047ms  65.047ms  65.047ms  cudaLaunchKernel
                    0.32%  670.13us       114  5.8780us     118ns  367.72us  cuDeviceGetAttribute
                    0.14%  288.70us         2  144.35us  14.870us  273.83us  cudaFree
                    0.12%  250.10us         2  125.05us  7.4040us  242.69us  cudaMalloc
                    0.04%  75.065us         3  25.021us  6.5210us  35.556us  cudaMemcpy
                    0.01%  17.553us         1  17.553us  17.553us  17.553us  cuDeviceGetName
                    0.00%  7.2140us         1  7.2140us  7.2140us  7.2140us  cudaDeviceSynchronize
                    0.00%  5.4310us         1  5.4310us  5.4310us  5.4310us  cuDeviceGetPCIBusId
                    0.00%  2.8800us         3     960ns     156ns  2.5280us  cuDeviceGetCount
                    0.00%  2.4190us         1  2.4190us  2.4190us  2.4190us  cudaGetDeviceCount
                    0.00%     651ns         2     325ns     130ns     521ns  cuDeviceGet
                    0.00%     305ns         1     305ns     305ns     305ns  cuDeviceTotalMem
                    0.00%     282ns         1     282ns     282ns     282ns  cuModuleGetLoadingMode
                    0.00%     197ns         1     197ns     197ns     197ns  cuDeviceGetUuid
