## SLURM PROLOG ###############################################################
##    Job ID : 12102956
##  Job Name : cuda.sh
##  Nodelist : gpu2264
##      CPUs : 1
##   Mem/CPU : 2800 MB
## Directory : /oscar/home/sanand14/APMA2822B/GPU/DOT_PROD
##   Job Started : Fri Nov 17 17:30:55 EST 2023
###############################################################################
smem = 32.000000
smem = 32.000000
smem = 32.000000
smem = 32.000000
smem = 32.000000
smem = 32.000000
smem = 32.000000
smem = 32.000000
smem = 32.000000
smem = 32.000000
smem = 32.000000
smem = 32.000000
smem = 32.000000
smem = 32.000000
smem = 32.000000
smem = 32.000000
smem = 32.000000
smem = 32.000000
smem = 32.000000
smem = 32.000000
smem = 32.000000
smem = 32.000000
smem = 32.000000
smem = 32.000000
smem = 32.000000
smem = 32.000000
smem = 32.000000
smem = 16.000000
smem = 32.000000
smem = 32.000000
smem = 32.000000
smem = 32.000000
smem = 32.000000
smem = 32.000000
smem = 32.000000
smem = 32.000000
smem = 32.000000
smem = 32.000000
smem = 0.000000
smem = 32.000000
smem = 32.000000
smem = 32.000000
smem = 32.000000
smem = 32.000000
smem = 32.000000
smem = 32.000000
smem = 32.000000
smem = 32.000000
smem = 32.000000
smem = 32.000000
smem = 32.000000
smem = 32.000000
smem = 32.000000
smem = 32.000000
smem = 32.000000
smem = 32.000000
smem = 32.000000
smem = 32.000000
smem = 32.000000
smem = 32.000000
smem = 32.000000
smem = 32.000000
smem = 32.000000
smem = 32.000000
nwarps = 8
nwarps = 8
nwarps = 8
nwarps = 8
nwarps = 8
nwarps = 8
nwarps = 8
nwarps = 8
value = 0.000000, smem = 32.000000
value = 0.000000, smem = 32.000000
value = 0.000000, smem = 32.000000
value = 0.000000, smem = 32.000000
value = 0.000000, smem = 32.000000
value = 0.000000, smem = 32.000000
value = 0.000000, smem = 32.000000
value = 0.000000, smem = 32.000000
value = 0.000000, smem = 32.000000
value = 0.000000, smem = 32.000000
value = 0.000000, smem = 32.000000
value = 0.000000, smem = 32.000000
value = 32.000000, smem = 32.000000
value = 0.000000, smem = 32.000000
value = 0.000000, smem = 32.000000
value = 0.000000, smem = 32.000000
value = 32.000000, smem = 32.000000
value = 32.000000, smem = 32.000000
value = 32.000000, smem = 32.000000
value = 64.000000, smem = 32.000000
value = 32.000000, smem = 32.000000
value = 32.000000, smem = 32.000000
value = 32.000000, smem = 32.000000
value = 32.000000, smem = 32.000000
value = 64.000000, smem = 32.000000
value = 64.000000, smem = 32.000000
value = 64.000000, smem = 32.000000
value = 96.000000, smem = 32.000000
value = 64.000000, smem = 32.000000
value = 64.000000, smem = 32.000000
value = 64.000000, smem = 32.000000
value = 64.000000, smem = 32.000000
value = 96.000000, smem = 32.000000
value = 96.000000, smem = 32.000000
value = 96.000000, smem = 32.000000
value = 128.000000, smem = 32.000000
value = 96.000000, smem = 32.000000
value = 96.000000, smem = 32.000000
value = 96.000000, smem = 32.000000
value = 96.000000, smem = 32.000000
value = 128.000000, smem = 32.000000
value = 128.000000, smem = 32.000000
value = 128.000000, smem = 32.000000
value = 160.000000, smem = 32.000000
value = 128.000000, smem = 32.000000
value = 128.000000, smem = 32.000000
value = 160.000000, smem = 32.000000
value = 160.000000, smem = 32.000000
value = 160.000000, smem = 32.000000
value = 160.000000, smem = 32.000000
value = 160.000000, smem = 32.000000
value = 160.000000, smem = 16.000000
value = 192.000000, smem = 32.000000
value = 160.000000, smem = 32.000000
value = 160.000000, smem = 32.000000
value = 160.000000, smem = 32.000000
value = 192.000000, smem = 32.000000
value = 192.000000, smem = 32.000000
value = 192.000000, smem = 32.000000
value = 224.000000, smem = 32.000000
value = 192.000000, smem = 0.000000
value = 192.000000, smem = 32.000000
value = 192.000000, smem = 32.000000
value = 192.000000, smem = 32.000000
value = 2000.000000
